<?xml version="1.0" encoding="UTF-8"?>
<testsuite xmlns:xsi="http://www.w3.org/2001/XMLSchema-instance" xsi:noNamespaceSchemaLocation="https://maven.apache.org/surefire/maven-surefire-plugin/xsd/surefire-test-report-3.0.xsd" version="3.0" name="fr.java.concurrency.service.CompletableFutureApiTest" time="1.175" tests="1" errors="0" skipped="0" failures="0">
  <properties>
    <property name="java.specification.version" value="21"/>
    <property name="sun.cpu.isalist" value="amd64"/>
    <property name="sun.jnu.encoding" value="Cp1252"/>
    <property name="java.class.path" value="C:\SFEIR\pres\java-concurrency\target\test-classes;C:\SFEIR\pres\java-concurrency\target\classes;C:\System-U\repo_maven\.m2\repository\org\junit\jupiter\junit-jupiter-api\5.10.2\junit-jupiter-api-5.10.2.jar;C:\System-U\repo_maven\.m2\repository\org\opentest4j\opentest4j\1.3.0\opentest4j-1.3.0.jar;C:\System-U\repo_maven\.m2\repository\org\junit\platform\junit-platform-commons\1.10.2\junit-platform-commons-1.10.2.jar;C:\System-U\repo_maven\.m2\repository\org\apiguardian\apiguardian-api\1.1.2\apiguardian-api-1.1.2.jar;C:\System-U\repo_maven\.m2\repository\com\fasterxml\jackson\core\jackson-databind\2.16.1\jackson-databind-2.16.1.jar;C:\System-U\repo_maven\.m2\repository\com\fasterxml\jackson\core\jackson-annotations\2.16.1\jackson-annotations-2.16.1.jar;C:\System-U\repo_maven\.m2\repository\com\fasterxml\jackson\core\jackson-core\2.16.1\jackson-core-2.16.1.jar;C:\System-U\repo_maven\.m2\repository\org\awaitility\awaitility\4.2.0\awaitility-4.2.0.jar;C:\System-U\repo_maven\.m2\repository\org\hamcrest\hamcrest\2.1\hamcrest-2.1.jar;C:\System-U\repo_maven\.m2\repository\org\wiremock\wiremock-standalone\3.3.1\wiremock-standalone-3.3.1.jar;C:\System-U\repo_maven\.m2\repository\org\apache\logging\log4j\log4j-core\2.22.1\log4j-core-2.22.1.jar;C:\System-U\repo_maven\.m2\repository\org\apache\logging\log4j\log4j-api\2.22.1\log4j-api-2.22.1.jar;"/>
    <property name="java.vm.vendor" value="Oracle Corporation"/>
    <property name="sun.arch.data.model" value="64"/>
    <property name="user.variant" value=""/>
    <property name="java.vendor.url" value="https://java.oracle.com/"/>
    <property name="user.timezone" value="Europe/Paris"/>
    <property name="os.name" value="Windows 10"/>
    <property name="java.vm.specification.version" value="21"/>
    <property name="sun.java.launcher" value="SUN_STANDARD"/>
    <property name="user.country" value="FR"/>
    <property name="sun.boot.library.path" value="C:\Perso\jdk-21.0.2\bin"/>
    <property name="sun.java.command" value="C:\Users\gfourny\AppData\Local\Temp\surefire84629425963081425\surefirebooter-20240216115252549_3.jar C:\Users\gfourny\AppData\Local\Temp\surefire84629425963081425 2024-02-16T11-52-51_210-jvmRun1 surefire-20240216115252549_1tmp surefire_0-20240216115252549_2tmp"/>
    <property name="jdk.debug" value="release"/>
    <property name="surefire.test.class.path" value="C:\SFEIR\pres\java-concurrency\target\test-classes;C:\SFEIR\pres\java-concurrency\target\classes;C:\System-U\repo_maven\.m2\repository\org\junit\jupiter\junit-jupiter-api\5.10.2\junit-jupiter-api-5.10.2.jar;C:\System-U\repo_maven\.m2\repository\org\opentest4j\opentest4j\1.3.0\opentest4j-1.3.0.jar;C:\System-U\repo_maven\.m2\repository\org\junit\platform\junit-platform-commons\1.10.2\junit-platform-commons-1.10.2.jar;C:\System-U\repo_maven\.m2\repository\org\apiguardian\apiguardian-api\1.1.2\apiguardian-api-1.1.2.jar;C:\System-U\repo_maven\.m2\repository\com\fasterxml\jackson\core\jackson-databind\2.16.1\jackson-databind-2.16.1.jar;C:\System-U\repo_maven\.m2\repository\com\fasterxml\jackson\core\jackson-annotations\2.16.1\jackson-annotations-2.16.1.jar;C:\System-U\repo_maven\.m2\repository\com\fasterxml\jackson\core\jackson-core\2.16.1\jackson-core-2.16.1.jar;C:\System-U\repo_maven\.m2\repository\org\awaitility\awaitility\4.2.0\awaitility-4.2.0.jar;C:\System-U\repo_maven\.m2\repository\org\hamcrest\hamcrest\2.1\hamcrest-2.1.jar;C:\System-U\repo_maven\.m2\repository\org\wiremock\wiremock-standalone\3.3.1\wiremock-standalone-3.3.1.jar;C:\System-U\repo_maven\.m2\repository\org\apache\logging\log4j\log4j-core\2.22.1\log4j-core-2.22.1.jar;C:\System-U\repo_maven\.m2\repository\org\apache\logging\log4j\log4j-api\2.22.1\log4j-api-2.22.1.jar;"/>
    <property name="sun.cpu.endian" value="little"/>
    <property name="user.home" value="C:\Users\gfourny"/>
    <property name="user.language" value="fr"/>
    <property name="java.specification.vendor" value="Oracle Corporation"/>
    <property name="java.version.date" value="2024-01-16"/>
    <property name="java.home" value="C:\Perso\jdk-21.0.2"/>
    <property name="file.separator" value="\"/>
    <property name="basedir" value="C:\SFEIR\pres\java-concurrency"/>
    <property name="java.vm.compressedOopsMode" value="Zero based"/>
    <property name="line.separator" value="&#10;"/>
    <property name="java.vm.specification.vendor" value="Oracle Corporation"/>
    <property name="java.specification.name" value="Java Platform API Specification"/>
    <property name="surefire.real.class.path" value="C:\Users\gfourny\AppData\Local\Temp\surefire84629425963081425\surefirebooter-20240216115252549_3.jar"/>
    <property name="user.script" value=""/>
    <property name="sun.management.compiler" value="HotSpot 64-Bit Tiered Compilers"/>
    <property name="java.runtime.version" value="21.0.2+13-58"/>
    <property name="user.name" value="gfourny"/>
    <property name="stdout.encoding" value="Cp1252"/>
    <property name="path.separator" value=";"/>
    <property name="os.version" value="10.0"/>
    <property name="java.runtime.name" value="OpenJDK Runtime Environment"/>
    <property name="file.encoding" value="UTF-8"/>
    <property name="java.vm.name" value="OpenJDK 64-Bit Server VM"/>
    <property name="localRepository" value="C:\System-U\repo_maven\.m2\repository"/>
    <property name="javax.xml.xpath.XPathFactory:http://java.sun.com/jaxp/xpath/dom" value="com.sun.org.apache.xpath.internal.jaxp.XPathFactoryImpl"/>
    <property name="java.vendor.url.bug" value="https://bugreport.java.com/bugreport/"/>
    <property name="jetty.git.hash" value="5a9a771a9fbcb9d36993630850f612581b78c13f"/>
    <property name="java.io.tmpdir" value="C:\Users\gfourny\AppData\Local\Temp\"/>
    <property name="wiremock.org.eclipse.jetty.http.HttpGenerator.STRICT" value="true"/>
    <property name="idea.version" value="2023.3.4"/>
    <property name="java.version" value="21.0.2"/>
    <property name="user.dir" value="C:\SFEIR\pres\java-concurrency"/>
    <property name="os.arch" value="amd64"/>
    <property name="java.vm.specification.name" value="Java Virtual Machine Specification"/>
    <property name="sun.os.patch.level" value=""/>
    <property name="native.encoding" value="Cp1252"/>
    <property name="java.library.path" value="C:\Perso\jdk-21.0.2\bin;C:\windows\Sun\Java\bin;C:\windows\system32;C:\windows;C:\Program Files (x86)\VMware\VMware Player\bin\;C:\Python311\Scripts\;C:\Python311\;C:\Program Files (x86)\VMware\VMware Player\bin\;C:\Python311\Scripts\;C:\Python311\;C:\Program Files (x86)\VMware\VMware Player\bin\;C:\Python311\Scripts\;C:\Python311\;C:\windows\System32;C:\System-U\Outils\GraalVM\graalvm-jdk-17.0.7\bin;C:\System-U\Outils\apache-maven-3.9.0\bin;C:\windows\system32;C:\ProgramData\chocolatey\bin;node_modules\npm\bin;C:\Users\gfourny\AppData\Roaming\nvm;C:\Program Files\nodejs;C:\Program Files\Go\bin;C:\Program Files\PuTTY\;C:\System-U\Outils\gradle-8.1.1\bin;C:\Program Files\Rancher Desktop\resources\resources\win32\bin\;C:\Program Files\Rancher Desktop\resources\resources\linux\bin\;C:\Program Files\k6\;C:\System-U\Outils\GraalVM\graalvm-jdk-17.0.7\bin;C:\System-U\Outils\apache-maven-3.9.0\bin;C:\windows\system32;C:\ProgramData\chocolatey\bin;node_modules\npm\bin;C:\Users\gfourny\AppData\Roaming\nvm;C:\Program Files\nodejs;C:\Program Files\Go\bin;C:\Program Files\PuTTY\;C:\System-U\Outils\gradle-8.1.1\bin;C:\Program Files\Rancher Desktop\resources\resources\win32\bin\;C:\Program Files\Rancher Desktop\resources\resources\linux\bin\;C:\Program Files\k6\;C:\System-U\Outils\GraalVM\graalvm-jdk-17.0.7\bin;C:\System-U\Outils\apache-maven-3.9.0\bin;C:\windows\system32;C:\ProgramData\chocolatey\bin;node_modules\npm\bin;C:\Users\gfourny\AppData\Roaming\nvm;C:\Program Files\nodejs;C:\Program Files\Go\bin;C:\Program Files\PuTTY\;C:\System-U\Outils\gradle-8.1.1\bin;C:\Program Files\Rancher Desktop\resources\resources\win32\bin\;C:\Program Files\Rancher Desktop\resources\resources\linux\bin\;C:\Program Files\k6\;C:\Users\gfourny\AppData\Local\Programs\Python\Python311\Scripts\;C:\Users\gfourny\AppData\Local\Programs\Python\Python311\;C:\Users\gfourny\AppData\Local\Programs\Python\Launcher\;C:\Users\gfourny\AppData\Local\Microsoft\WindowsApps;C:\Users\gfourny\AppData\Local\GitHubDesktop\bin;C:\Users\gfourny\AppData\Local\Programs\Git\cmd;C:\Users\gfourny\AppData\Roaming\npm;C:\Users\gfourny\AppData\Local\Programs\Microsoft VS Code\bin;C:\Users\gfourny\go\bin;C:\Users\gfourny\AppData\Local\Programs\Microsoft VS Code Insiders\bin;C:\Users\gfourny\AppData\Local\Programs\oh-my-posh\bin;C:\Users\gfourny\AppData\Local\Google\Cloud SDK\google-cloud-sdk\bin;."/>
    <property name="java.vm.info" value="mixed mode, sharing"/>
    <property name="stderr.encoding" value="Cp1252"/>
    <property name="java.vendor" value="Oracle Corporation"/>
    <property name="java.vm.version" value="21.0.2+13-58"/>
    <property name="sun.io.unicode.encoding" value="UnicodeLittle"/>
    <property name="javax.xml.transform.TransformerFactory" value="com.sun.org.apache.xalan.internal.xsltc.trax.TransformerFactoryImpl"/>
    <property name="java.class.version" value="65.0"/>
  </properties>
  <testcase name="drink" classname="fr.java.concurrency.service.CompletableFutureApiTest" time="1.164"/>
</testsuite>